$ Algebraic Preprocessor (Aprepro) version 6.32 (2024/05/20)
Import State File qdot_v2_10.exo
#Import State File qdot_v2_20.exo

start output parameters
      Output State File qdot_v2_10.nlp.exo
      #Output State File qdot_v2_20.nlp.exo

      Output Nodal Variables in channel for "Doping,Acceptor Concentration,Donor Concentration"
      Output cell average Variables in channel for scalar "Doping,Acceptor Concentration,Donor Concentration"
      Output Nodal Variables in substrateregion for "Doping,Acceptor Concentration,Donor Concentration"
      Output cell average Variables in substrateregion for scalar "Doping,Acceptor Concentration,Donor Concentration"
end output parameters

concentration scaling=1e15
lattice temperature=300

start Physics Block channelSemiconductor
      geometry block is channel
      standard discretization type is nlp
      material model is channelSiliconParameter
end Physics Block Semiconductor

start Physics Block substrateSemiconductor
      geometry block is substrateregion
      standard discretization type is nlp
      material model is substrateSiliconParameter
end Physics Block Semiconductor

start Physics Block insulator
      geometry block is gateoxide
      geometry block is buriedoxide
      standard discretization type is laplace cvfem
      material model is SiO2Parameter
end Physics Block insulator

start Material Block channelSiliconParameter
      material name is Silicon
      relative permittivity = 11.9
      
      start mgauss doping named Function2 
            Type is donor
            #10
            spatial range is -0.205 to -0.055 in x
            #20
            #spatial range is -0.210 to -0.060 in x
            spatial range is -0.01 to  0.0 in z
            spatial range is -0.025 to 0.025 in y
            Concentration range is 1.0e0 to 1.0e17 
            gradient width = 0.001 in x
            gradient width = 0.001 in z
      end mgauss doping named Function2
      
      start mgauss doping named Function3
            Type is donor
            #10
            spatial range is -0.205 to -0.055 in x
            #20
            #spatial range is  0.060 to  0.210 in x
	      spatial range is -0.01 to  0.0 in z
            spatial range is -0.025 to 0.025 in y
            Concentration range is 1.0e0 to 1.0e17 
            gradient width = 0.001 in x
            gradient width = 0.001 in z
      end mgauss doping named Function3    
end Material Block siliconParameter

start Material Block substrateSiliconParameter
      material name is Silicon
      relative permittivity = 11.9
      start uniform doping named Function1
          Concentration = 1e16
          spatial range is -1 to 1 in x
          spatial range is -1 to 1 in y
          spatial range is -1 to 1 in z
          Type is acceptor
      end uniform doping named Function1
end Material Block siliconParameter

start Material Block SiO2Parameter
      material name is SiO2
      relative permittivity = 3.9
end Material Block

initial conditions for ELECTRIC_POTENTIAL in gateoxide is  uninitialized
initial conditions for ELECTRIC_POTENTIAL in channel is uninitialized
initial conditions for ELECTRIC_POTENTIAL in buriedoxide is uninitialized
initial conditions for ELECTRIC_POTENTIAL in substrateregion is uninitialized

BC is ohmic for source on channel fixed at 0
BC is ohmic for drain on channel fixed at 0
BC is ohmic for substrate on substrateregion fixed at 0
BC is contact on insulator for gate_1 on gateoxide with work function 4.5 fixed at 0
BC is contact on insulator for gate_2 on gateoxide with work function 4.5 fixed at 0


tpetra is on
start solver block
   start tpetra block
     problem type is steady state
     verbosity level is high
     maximum number nonlinear iterations = 30
     nonlinear solver residual tolerance = 1e-8
   end
end solver block


***********************************************************************
             Charon: 2.2
TCAD code for simulation of semiconductor physics 

Copyright 2020 National Technology & Engineering Solutions of Sandia,
LLC (NTESS). Under the terms of Contract DE-NA0003525 with NTESS, the
U.S. Government retains certain rights in this software.
Questions? Contact the Charon team via email:
    charon@sandia.gov
***********************************************************************
Mesh -> 
 Source = Exodus File   [unused]
 Exodus File -> 
  Restart Index = -1   [unused]
  File Name = qdot_v2_10.exo   [unused]
Closure Models -> 
 Concentration Scaling = 1e+15   [unused]
 Lattice Temperature = 300   [unused]
 channelSiliconParameter -> 
  Material Name = Silicon   [unused]
  Doping -> 
   Value = Function   [unused]
   Function2 -> 
    Function Type = MGauss   [unused]
    X ERFC_ON = 0   [unused]
    Y ERFC_ON = 0   [unused]
    Z ERFC_ON = 0   [unused]
    Doping Type = Donor   [unused]
    Xmin = -0.205   [unused]
    Xmax = -0.055   [unused]
    Zmin = -0.01   [unused]
    Zmax = 0   [unused]
    Ymin = -0.025   [unused]
    Ymax = 0.025   [unused]
    Doping Min Value = 1   [unused]
    Doping Max Value = 1e+17   [unused]
    X Width = 0.001   [unused]
    Z Width = 0.001   [unused]
   Function3 -> 
    Function Type = MGauss   [unused]
    X ERFC_ON = 0   [unused]
    Y ERFC_ON = 0   [unused]
    Z ERFC_ON = 0   [unused]
    Doping Type = Donor   [unused]
    Xmin = -0.205   [unused]
    Xmax = -0.055   [unused]
    Zmin = -0.01   [unused]
    Zmax = 0   [unused]
    Ymin = -0.025   [unused]
    Ymax = 0.025   [unused]
    Doping Min Value = 1   [unused]
    Doping Max Value = 1e+17   [unused]
    X Width = 0.001   [unused]
    Z Width = 0.001   [unused]
  Relative Permittivity -> 
   Value = 11.9   [unused]
 substrateSiliconParameter -> 
  Material Name = Silicon   [unused]
  Doping -> 
   Value = Function   [unused]
   Function1 -> 
    Function Type = Uniform   [unused]
    Doping Value = 1e+16   [unused]
    Xmin = -1   [unused]
    Xmax = 1   [unused]
    Ymin = -1   [unused]
    Ymax = 1   [unused]
    Zmin = -1   [unused]
    Zmax = 1   [unused]
    Doping Type = Acceptor   [unused]
  Relative Permittivity -> 
   Value = 11.9   [unused]
 SiO2Parameter -> 
  Material Name = SiO2   [unused]
  Relative Permittivity -> 
   Value = 3.9   [unused]
Assembly -> 
 Use Tpetra = 1   [unused]
Solution Control -> 
 Piro Solver = NOX   [unused]
 Compute Sensitivities = 0   [unused]
 Jacobian Operator = Have Jacobian   [unused]
 NOX -> 
  Nonlinear Solver = Line Search Based   [unused]
  Direction -> 
   Method = Newton   [unused]
   Newton -> 
    Forcing Term Method = Constant   [unused]
    Rescue Bad Newton Solve = 1   [unused]
    Linear Solver -> 
     Tolerance = 1e-06   [unused]
    Stratimikos Linear Solver -> 
     Stratimikos -> 
      Linear Solver Type = AztecOO   [unused]
      Preconditioner Type = Ifpack2   [unused]
      Linear Solver Types -> 
       AztecOO -> 
        Forward Solve -> 
         Max Iterations = 300   [unused]
         AztecOO Settings -> 
          Size of Krylov Subspace = 200   [unused]
          RCM Reordering = Disabled   [unused]
          Overlap = 0   [unused]
          Aztec Solver = GMRES   [unused]
          Convergence Test = r0   [unused]
          Output Frequency = 20   [unused]
       Belos -> 
        Solver Type = Block GMRES   [unused]
        VerboseObject -> 
         Verbosity Level = high   [unused]
        Solver Types -> 
         Block GMRES -> 
          Convergence Tolerance = 1e-06   [unused]
          Output Frequency = 20   [unused]
          Output Style = 1   [unused]
          Verbosity = 33   [unused]
          Block Size = 1   [unused]
          Num Blocks = 100   [unused]
          Maximum Iterations = 300   [unused]
          Flexible Gmres = 0   [unused]
      Preconditioner Types -> 
       Teko -> 
        Inverse Type = GS   [unused]
        Write Block Operator = 0   [unused]
        Test Block Operator = 0   [unused]
        Inverse Factory Library -> 
         GS -> 
          Type = Block Gauss-Seidel   [unused]
          Use Upper Triangle = 1   [unused]
          Inverse Type 1 = ILU_tpetra   [unused]
          Inverse Type 2 = Id   [unused]
         ILU_tpetra -> 
          Type = Ifpack2   [unused]
          Overlap = 1   [unused]
          Ifpack2 Settings -> 
           fact: drop tolerance = 0   [unused]
           fact: ilut level-of-fill = 1   [unused]
         Id -> 
          Type = Identity   [unused]
       Ifpack2 -> 
        Prec Type = ILUT   [unused]
        Ifpack2 Settings -> 
         schwarz: overlap level = 1   [unused]
         schwarz: use reordering = 0   [unused]
         schwarz: combine mode = add   [unused]
         fact: ilut level-of-fill = 3   [unused]
         fact: iluk level-of-fill = 3   [unused]
         fact: iluk level-of-overlap = 1   [unused]
  Status Tests -> 
   Test Type = Combo   [unused]
   Combo Type = OR   [unused]
   Number of Tests = 3   [unused]
   Test 0 -> 
    Test Type = Combo   [unused]
    Combo Type = AND   [unused]
    Number of Tests = 2   [unused]
    Test 0 -> 
     Test Type = NormF   [unused]
     Tolerance = 1e-08   [unused]
    Test 1 -> 
     Test Type = NormWRMS   [unused]
     Tolerance = 1   [unused]
     Relative Tolerance = 1e-07   [unused]
     Absolute Tolerance = 1e-14   [unused]
     Alpha = 0   [unused]
     Beta = 1   [unused]
   Test 1 -> 
    Maximum Iterations = 30   [unused]
    Test Type = MaxIters   [unused]
   Test 2 -> 
    Test Type = FiniteValue   [unused]
    Vector Type = F Vector   [unused]
  Thyra Group Options -> 
   Function Scaling = Row Sum   [unused]
  Line Search -> 
   Method = Full Step   [unused]
   Full Step -> 
    Full Step = 1   [unused]
  Printing -> 
   Output Precision = 3   [unused]
   Output Processor = 0   [unused]
   Output Information -> 
    Error = 1   [unused]
    Warning = 1   [unused]
    Inner Iteration = 1   [unused]
    Outer Iteration = 1   [unused]
    Outer Iteration StatusTest = 1   [unused]
    Parameters = 1   [unused]
    Details = 1   [unused]
    Linear Solver Details = 1   [unused]
    Stepper Iteration = 1   [unused]
    Stepper Details = 1   [unused]
    Stepper Parameters = 1   [unused]
  Solver Options -> 
   Status Test Check Type = Minimal   [unused]
 Tempus -> 
  Integrator Name = Default Integrator   [unused]
  Default Stepper -> 
   Stepper Type = Backward Euler   [unused]
   Solver Name = Default Solver   [unused]
   Default Solver -> 
    NOX -> 
     Nonlinear Solver = Line Search Based   [unused]
     Status Tests -> 
      Test Type = Combo   [unused]
      Combo Type = OR   [unused]
      Number of Tests = 3   [unused]
      Test 0 -> 
       Test Type = Combo   [unused]
       Combo Type = AND   [unused]
       Number of Tests = 2   [unused]
       Test 0 -> 
        Test Type = NormF   [unused]
        Tolerance = 0.0001   [unused]
       Test 1 -> 
        Test Type = NormWRMS   [unused]
        Tolerance = 1   [unused]
        Relative Tolerance = 1e-07   [unused]
        Absolute Tolerance = 1e-14   [unused]
        Alpha = 0   [unused]
        Beta = 1   [unused]
      Test 1 -> 
       Maximum Iterations = 30   [unused]
       Test Type = MaxIters   [unused]
      Test 2 -> 
       Test Type = FiniteValue   [unused]
       Vector Type = F Vector   [unused]
     Thyra Group Options -> 
      Function Scaling = Row Sum   [unused]
     Line Search -> 
      Method = Full Step   [unused]
      Full Step -> 
       Full Step = 1   [unused]
     Printing -> 
      Output Precision = 3   [unused]
      Output Processor = 0   [unused]
      Output Information -> 
       Error = 1   [unused]
       Warning = 1   [unused]
       Inner Iteration = 1   [unused]
       Outer Iteration = 1   [unused]
       Outer Iteration StatusTest = 1   [unused]
       Parameters = 1   [unused]
       Details = 1   [unused]
       Linear Solver Details = 1   [unused]
       Stepper Iteration = 1   [unused]
       Stepper Details = 1   [unused]
       Stepper Parameters = 1   [unused]
     Solver Options -> 
      Status Test Check Type = Minimal   [unused]
  Default Integrator -> 
   Integrator Type = Integrator Basic   [unused]
   Stepper Name = Default Stepper   [unused]
   Time Step Control -> 
    Output Index Interval = 0   [unused]
    Initial Time Step = 1e-05   [unused]
 Rythmos -> 
  Final Time = 0.00055   [unused]
  Stepper Type = Backward Euler   [unused]
  Nonlinear Solver Type = NOX   [unused]
  Rythmos Integration Control -> 
   Take Variable Steps = 1   [unused]
  Rythmos Step Control Strategy -> 
   Initial Step Size = 1e-05   [unused]
   Min Step Size = 1e-07   [unused]
   Max Step Size = 0.0001   [unused]
   Number of Constant First Order Steps = 5   [unused]
   Step Size Decrease Factor = 0.2   [unused]
   Step Size Increase Factor = 1.5   [unused]
   Min Order = 1   [unused]
   Max Order = 1   [unused]
  Rythmos Stepper -> 
   VerboseObject -> 
    Verbosity Level = none   [unused]
  Rythmos Integrator -> 
   VerboseObject -> 
    Verbosity Level = none   [unused]
Output -> 
 File Name = qdot_v2_10.nlp.exo   [unused]
 Nodal Quantities -> 
  channel = Doping,Acceptor Concentration,Donor Concentration   [unused]
  substrateregion = Doping,Acceptor Concentration,Donor Concentration   [unused]
 Cell Average Quantities -> 
  channel = Doping,Acceptor Concentration,Donor Concentration   [unused]
  substrateregion = Doping,Acceptor Concentration,Donor Concentration   [unused]
Block ID to Physics ID Mapping -> 
 channel = channelSemiconductor   [unused]
 substrateregion = substrateSemiconductor   [unused]
 gateoxide = insulator   [unused]
 buriedoxide = insulator   [unused]
Physics Blocks -> 
 channelSemiconductor -> 
  child0 -> 
   Type = NLPoisson   [unused]
   Basis Type = HGrad   [unused]
   Basis Order = 1   [unused]
   Integration Order = 2   [unused]
   Model ID = channelSiliconParameter   [unused]
 substrateSemiconductor -> 
  child0 -> 
   Type = NLPoisson   [unused]
   Basis Type = HGrad   [unused]
   Basis Order = 1   [unused]
   Integration Order = 2   [unused]
   Model ID = substrateSiliconParameter   [unused]
 insulator -> 
  child0 -> 
   Type = SGCVFEM Laplace   [unused]
   Basis Type = HGrad   [unused]
   Basis Order = 1   [unused]
   Integration Order = 2   [unused]
   Model ID = SiO2Parameter   [unused]
Initial Conditions -> 
 gateoxide -> 
  ELECTRIC_POTENTIAL -> 
   Value = 0   [unused]
 channel -> 
  ELECTRIC_POTENTIAL -> 
   Value = 0   [unused]
 buriedoxide -> 
  ELECTRIC_POTENTIAL -> 
   Value = 0   [unused]
 substrateregion -> 
  ELECTRIC_POTENTIAL -> 
   Value = 0   [unused]
Boundary Conditions -> 
 child0 -> 
  Type = Dirichlet   [unused]
  Sideset ID = source   [unused]
  Element Block ID = channel   [unused]
  Equation Set Name = ALL_DOFS   [unused]
  Strategy = Ohmic Contact   [unused]
  Data -> 
   Voltage = 0   [unused]
 child1 -> 
  Type = Dirichlet   [unused]
  Sideset ID = drain   [unused]
  Element Block ID = channel   [unused]
  Equation Set Name = ALL_DOFS   [unused]
  Strategy = Ohmic Contact   [unused]
  Data -> 
   Voltage = 0   [unused]
 child2 -> 
  Type = Dirichlet   [unused]
  Sideset ID = substrate   [unused]
  Element Block ID = substrateregion   [unused]
  Equation Set Name = ALL_DOFS   [unused]
  Strategy = Ohmic Contact   [unused]
  Data -> 
   Voltage = 0   [unused]
 child3 -> 
  Type = Dirichlet   [unused]
  Sideset ID = gate_1   [unused]
  Element Block ID = gateoxide   [unused]
  Equation Set Name = ELECTRIC_POTENTIAL   [unused]
  Strategy = Contact On Insulator   [unused]
  Data -> 
   Work Function = 4.5   [unused]
   Voltage = 0   [unused]
 child4 -> 
  Type = Dirichlet   [unused]
  Sideset ID = gate_2   [unused]
  Element Block ID = gateoxide   [unused]
  Equation Set Name = ELECTRIC_POTENTIAL   [unused]
  Strategy = Contact On Insulator   [unused]
  Data -> 
   Work Function = 4.5   [unused]
   Voltage = 0   [unused]


Coordinate Scaling X0 = 0.0001 [cm]
Concentration Scaling C0 = 1e+15 [1/cm^3]
Diffusion Coefficient Scaling D0 = 25.8 [cm^2/s]
Temperature Scaling T0 = 300 [K]
Voltage Scaling V0 = 0.025852 [V]
Mobility Scaling Mu0 = 997.987 [cm^2/(V.s)]
Source Scaling R0 = 2.58e+24 [1/(cm^3.s)]
Time Scaling t0 = 3.87597e-10 [s]
Electric Field Scaling E0 = 258.52 [V/cm]
Current Density Scaling J0 = 41.3362 [A/cm^2]
Heat Generation Scaling H0 = 3e+10 [W/cm^3]
Heat Capacity Scaling cL0 = 0.0387597 [J/(cm^3.K)]
Thermal Conductivity Scaling kL0 = 1 [W/(K.cm)]
Laplacian Scaling Lambda2 = 0.00142867 [unitless]

STK Mesh data:
   Spatial dim = 3
   Entity counts (Nodes, Edges, Faces, Cells) = ( 9185, 56095, 90067, 43156 )
   Element blocks = "buriedoxide" "channel" "gateoxide" "substrateregion" 
   Sidesets = "drain" "gate_1" "gate_2" "source" "substrate" 
   Nodesets = 
Degree of freedom load balancing: Max, Min, Mean, StdDev = 9185, 9185, 9185, 0

************************************************************************

-- Parameters Passed to Nonlinear Solver --

     Nonlinear Solver = Line Search Based
     Direction -> 
      Method = Newton
      Newton -> 
       Forcing Term Method = Constant
       Rescue Bad Newton Solve = 1
       Linear Solver -> 
        Tolerance = 1e-06
       Stratimikos Linear Solver -> 
        Stratimikos -> 
         Linear Solver Type = AztecOO   [unused]
         Preconditioner Type = Ifpack2   [unused]
         Linear Solver Types -> 
          AztecOO -> 
           Forward Solve -> 
            Max Iterations = 300   [unused]
            AztecOO Settings -> 
             Size of Krylov Subspace = 200   [unused]
             RCM Reordering = Disabled   [unused]
             Overlap = 0   [unused]
             Aztec Solver = GMRES   [unused]
             Convergence Test = r0   [unused]
             Output Frequency = 20   [unused]
          Belos -> 
           Solver Type = Block GMRES   [unused]
           VerboseObject -> 
            Verbosity Level = high   [unused]
           Solver Types -> 
            Block GMRES -> 
             Convergence Tolerance = 1e-06   [unused]
             Output Frequency = 20   [unused]
             Output Style = 1   [unused]
             Verbosity = 33   [unused]
             Block Size = 1   [unused]
             Num Blocks = 100   [unused]
             Maximum Iterations = 300   [unused]
             Flexible Gmres = 0   [unused]
         Preconditioner Types -> 
          Teko -> 
           Inverse Type = GS   [unused]
           Write Block Operator = 0   [unused]
           Test Block Operator = 0   [unused]
           Inverse Factory Library -> 
            GS -> 
             Type = Block Gauss-Seidel   [unused]
             Use Upper Triangle = 1   [unused]
             Inverse Type 1 = ILU_tpetra   [unused]
             Inverse Type 2 = Id   [unused]
            ILU_tpetra -> 
             Type = Ifpack2   [unused]
             Overlap = 1   [unused]
             Ifpack2 Settings -> 
              fact: drop tolerance = 0   [unused]
              fact: ilut level-of-fill = 1   [unused]
            Id -> 
             Type = Identity   [unused]
          Ifpack2 -> 
           Prec Type = ILUT   [unused]
           Ifpack2 Settings -> 
            schwarz: overlap level = 1   [unused]
            schwarz: use reordering = 0   [unused]
            schwarz: combine mode = add   [unused]
            fact: ilut level-of-fill = 3   [unused]
            fact: iluk level-of-fill = 3   [unused]
            fact: iluk level-of-overlap = 1   [unused]
     Status Tests -> 
      Test Type = Combo
      Combo Type = OR
      Number of Tests = 3
      Tag =    [default]
      Test 0 -> 
       Test Type = Combo
       Combo Type = AND
       Number of Tests = 2
       Tag =    [default]
       Test 0 -> 
        Test Type = NormF
        Tolerance = 1e-08
        Norm Type = Two Norm   [default]
        Scale Type = Unscaled   [default]
        Initial Guess = Teuchos::RCP<NOX::Abstract::Group>{ptr=0,node=0,strong_count=0,weak_count=0}   [default]
        Tag =    [default]
       Test 1 -> 
        Test Type = NormWRMS
        Tolerance = 1
        Relative Tolerance = 1e-07
        Absolute Tolerance = 1e-14
        Alpha = 0
        Beta = 1
        BDF Multiplier = 1   [default]
        Disable Implicit Weighting = 1   [default]
        Tag =    [default]
      Test 1 -> 
       Maximum Iterations = 30
       Test Type = MaxIters
       Tag =    [default]
      Test 2 -> 
       Test Type = FiniteValue
       Vector Type = F Vector
       Norm Type = Two Norm   [default]
       Tag =    [default]
     Thyra Group Options -> 
      Function Scaling = Row Sum
      Update Row Sum Scaling = Before Each Nonlinear Solve   [default]
      User Defined Scaling = Teuchos::RCP<Thyra::VectorBase<double> >{ptr=0,node=0,strong_count=0,weak_count=0}   [default]
      Do Right Scaling First = 0   [default]
     Line Search -> 
      Method = Full Step
      Full Step -> 
       Full Step = 1
     Printing -> 
      Output Precision = 3
      Output Processor = 0
      Output Stream = Teuchos::RCP<std::ostream>{ptr=0x58082ec45680,node=0x58082ec5fb80,strong_count=18,weak_count=0}
      Error Stream = Teuchos::RCP<std::ostream>{ptr=0x58082ec45680,node=0x58082ec5fb80,strong_count=18,weak_count=0}
      MyPID = 0   [default]
      Output Information -> 
       Error = 1
       Warning = 1
       Inner Iteration = 1
       Outer Iteration = 1
       Outer Iteration StatusTest = 1
       Parameters = 1
       Details = 1
       Linear Solver Details = 1
       Stepper Iteration = 1
       Stepper Details = 1
       Stepper Parameters = 1
       Debug = 0   [default]
       Test Details = 0   [default]
     Solver Options -> 
      Status Test Check Type = Minimal
      User Defined Pre/Post Operator = Teuchos::RCP<NOX::Observer>{ptr=0x580a1d6ca5e0,node=0x580a1d7bd380,strong_count=2,weak_count=0}
      User Defined Merit Function = Teuchos::RCP<NOX::MeritFunction::Generic>{ptr=0x580a1d7d00b0,node=0x580a1d7fed30,strong_count=2,weak_count=0}
      Observer = Teuchos::RCP<NOX::Observer>{ptr=0,node=0,strong_count=0,weak_count=0}   [default]
      Fixed Point Iteration Type = Seidel   [default]
************************************************************************
-- Status Test Results --
**...........OR Combination -> 
  **...........AND Combination -> 
    **...........F-Norm = 2.827e+02 < 1.000e-08
                 (Unscaled Two-Norm, Absolute Tolerance)
    ??...........WRMS-Norm = 1.000e+12 < 1
  **...........Number of Iterations = 0 < 30
  **...........Finite Number Check (Two-Norm F) = Finite
************************************************************************

************************************************************************
-- Nonlinear Solver Step 0 -- 
||F|| = 2.827e+02  step = 0.000e+00  dx = 0.000e+00
************************************************************************

       CALCULATING FORCING TERM
       Method: Constant
       Forcing Term: 1e-06
 
 		*******************************************************
 		***** Problem: Thyra::TpetraLinearOp<double, int, long long, Kokkos::Compat::KokkosDeviceWrapperNode<Kokkos::Serial, Kokkos::HostSpace> >{rangeDim=9185,domainDim=9185}
 		***** Preconditioned GMRES solution
 		***** User-defined preconditioner
 		***** No scaling
 		*******************************************************
 
                 iter:    0           residual = 1.000000e+00
                 iter:   20           residual = 1.439311e-06
                 iter:   21           residual = 6.319060e-07
 
 
 		Solution time: 0.030317 (sec.)
 		total iterations: 21
 
************************************************************************
-- Status Test Results --
**...........OR Combination -> 
  **...........AND Combination -> 
    **...........F-Norm = 5.453e+00 < 1.000e-08
                 (Unscaled Two-Norm, Absolute Tolerance)
    ??...........WRMS-Norm = 1.000e+12 < 1
  **...........Number of Iterations = 1 < 30
  **...........Finite Number Check (Two-Norm F) = Finite
************************************************************************

************************************************************************
-- Nonlinear Solver Step 1 -- 
||F|| = 5.453e+00  step = 1.000e+00  dx = 3.362e+06
************************************************************************

       CALCULATING FORCING TERM
       Method: Constant
       Forcing Term: 1e-06
  
  		*******************************************************
  		***** Problem: Thyra::TpetraLinearOp<double, int, long long, Kokkos::Compat::KokkosDeviceWrapperNode<Kokkos::Serial, Kokkos::HostSpace> >{rangeDim=9185,domainDim=9185}
  		***** Preconditioned GMRES solution
  		***** User-defined preconditioner
  		***** No scaling
  		*******************************************************
  
                  iter:    0           residual = 1.000000e+00
                  iter:   16           residual = 6.599482e-07
  
  
  		Solution time: 0.018038 (sec.)
  		total iterations: 16
  
************************************************************************
-- Status Test Results --
**...........OR Combination -> 
  **...........AND Combination -> 
    **...........F-Norm = 1.978e+00 < 1.000e-08
                 (Unscaled Two-Norm, Absolute Tolerance)
    ??...........WRMS-Norm = 1.000e+12 < 1
  **...........Number of Iterations = 2 < 30
  **...........Finite Number Check (Two-Norm F) = Finite
************************************************************************

************************************************************************
-- Nonlinear Solver Step 2 -- 
||F|| = 1.978e+00  step = 1.000e+00  dx = 6.272e+04
************************************************************************

       CALCULATING FORCING TERM
       Method: Constant
       Forcing Term: 1e-06
  
  		*******************************************************
  		***** Problem: Thyra::TpetraLinearOp<double, int, long long, Kokkos::Compat::KokkosDeviceWrapperNode<Kokkos::Serial, Kokkos::HostSpace> >{rangeDim=9185,domainDim=9185}
  		***** Preconditioned GMRES solution
  		***** User-defined preconditioner
  		***** No scaling
  		*******************************************************
  
                  iter:    0           residual = 1.000000e+00
                  iter:   18           residual = 9.321637e-07
  
  
  		Solution time: 0.020536 (sec.)
  		total iterations: 18
  
************************************************************************
-- Status Test Results --
**...........OR Combination -> 
  **...........AND Combination -> 
    **...........F-Norm = 6.923e-01 < 1.000e-08
                 (Unscaled Two-Norm, Absolute Tolerance)
    ??...........WRMS-Norm = 1.000e+12 < 1
  **...........Number of Iterations = 3 < 30
  **...........Finite Number Check (Two-Norm F) = Finite
************************************************************************

************************************************************************
-- Nonlinear Solver Step 3 -- 
||F|| = 6.923e-01  step = 1.000e+00  dx = 4.960e+04
************************************************************************

       CALCULATING FORCING TERM
       Method: Constant
       Forcing Term: 1e-06
  
  		*******************************************************
  		***** Problem: Thyra::TpetraLinearOp<double, int, long long, Kokkos::Compat::KokkosDeviceWrapperNode<Kokkos::Serial, Kokkos::HostSpace> >{rangeDim=9185,domainDim=9185}
  		***** Preconditioned GMRES solution
  		***** User-defined preconditioner
  		***** No scaling
  		*******************************************************
  
                  iter:    0           residual = 1.000000e+00
                  iter:   20           residual = 3.510728e-07
  
  
  		Solution time: 0.022501 (sec.)
  		total iterations: 20
  
************************************************************************
-- Status Test Results --
**...........OR Combination -> 
  **...........AND Combination -> 
    **...........F-Norm = 2.126e-01 < 1.000e-08
                 (Unscaled Two-Norm, Absolute Tolerance)
    ??...........WRMS-Norm = 1.000e+12 < 1
  **...........Number of Iterations = 4 < 30
  **...........Finite Number Check (Two-Norm F) = Finite
************************************************************************

************************************************************************
-- Nonlinear Solver Step 4 -- 
||F|| = 2.126e-01  step = 1.000e+00  dx = 3.930e+04
************************************************************************

       CALCULATING FORCING TERM
       Method: Constant
       Forcing Term: 1e-06
  
  		*******************************************************
  		***** Problem: Thyra::TpetraLinearOp<double, int, long long, Kokkos::Compat::KokkosDeviceWrapperNode<Kokkos::Serial, Kokkos::HostSpace> >{rangeDim=9185,domainDim=9185}
  		***** Preconditioned GMRES solution
  		***** User-defined preconditioner
  		***** No scaling
  		*******************************************************
  
                  iter:    0           residual = 1.000000e+00
                  iter:   20           residual = 2.461576e-06
                  iter:   21           residual = 7.168032e-07
  
  
  		Solution time: 0.023640 (sec.)
  		total iterations: 21
  
************************************************************************
-- Status Test Results --
**...........OR Combination -> 
  **...........AND Combination -> 
    **...........F-Norm = 4.385e-02 < 1.000e-08
                 (Unscaled Two-Norm, Absolute Tolerance)
    ??...........WRMS-Norm = 1.000e+12 < 1
  **...........Number of Iterations = 5 < 30
  **...........Finite Number Check (Two-Norm F) = Finite
************************************************************************

************************************************************************
-- Nonlinear Solver Step 5 -- 
||F|| = 4.385e-02  step = 1.000e+00  dx = 2.319e+04
************************************************************************

       CALCULATING FORCING TERM
       Method: Constant
       Forcing Term: 1e-06
  
  		*******************************************************
  		***** Problem: Thyra::TpetraLinearOp<double, int, long long, Kokkos::Compat::KokkosDeviceWrapperNode<Kokkos::Serial, Kokkos::HostSpace> >{rangeDim=9185,domainDim=9185}
  		***** Preconditioned GMRES solution
  		***** User-defined preconditioner
  		***** No scaling
  		*******************************************************
  
                  iter:    0           residual = 1.000000e+00
                  iter:   20           residual = 6.065234e-06
                  iter:   22           residual = 6.509247e-07
  
  
  		Solution time: 0.025000 (sec.)
  		total iterations: 22
  
************************************************************************
-- Status Test Results --
**...........OR Combination -> 
  **...........AND Combination -> 
    **...........F-Norm = 3.089e-03 < 1.000e-08
                 (Unscaled Two-Norm, Absolute Tolerance)
    ??...........WRMS-Norm = 1.000e+12 < 1
  **...........Number of Iterations = 6 < 30
  **...........Finite Number Check (Two-Norm F) = Finite
************************************************************************

************************************************************************
-- Nonlinear Solver Step 6 -- 
||F|| = 3.089e-03  step = 1.000e+00  dx = 7.299e+03
************************************************************************

       CALCULATING FORCING TERM
       Method: Constant
       Forcing Term: 1e-06
  
  		*******************************************************
  		***** Problem: Thyra::TpetraLinearOp<double, int, long long, Kokkos::Compat::KokkosDeviceWrapperNode<Kokkos::Serial, Kokkos::HostSpace> >{rangeDim=9185,domainDim=9185}
  		***** Preconditioned GMRES solution
  		***** User-defined preconditioner
  		***** No scaling
  		*******************************************************
  
                  iter:    0           residual = 1.000000e+00
                  iter:   20           residual = 7.488263e-06
                  iter:   22           residual = 9.091854e-07
  
  
  		Solution time: 0.025339 (sec.)
  		total iterations: 22
  
************************************************************************
-- Status Test Results --
**...........OR Combination -> 
  **...........AND Combination -> 
    **...........F-Norm = 1.828e-05 < 1.000e-08
                 (Unscaled Two-Norm, Absolute Tolerance)
    ??...........WRMS-Norm = 1.000e+12 < 1
  **...........Number of Iterations = 7 < 30
  **...........Finite Number Check (Two-Norm F) = Finite
************************************************************************

************************************************************************
-- Nonlinear Solver Step 7 -- 
||F|| = 1.828e-05  step = 1.000e+00  dx = 5.869e+02
************************************************************************

       CALCULATING FORCING TERM
       Method: Constant
       Forcing Term: 1e-06
  
  		*******************************************************
  		***** Problem: Thyra::TpetraLinearOp<double, int, long long, Kokkos::Compat::KokkosDeviceWrapperNode<Kokkos::Serial, Kokkos::HostSpace> >{rangeDim=9185,domainDim=9185}
  		***** Preconditioned GMRES solution
  		***** User-defined preconditioner
  		***** No scaling
  		*******************************************************
  
                  iter:    0           residual = 1.000000e+00
                  iter:   20           residual = 7.458517e-06
                  iter:   22           residual = 9.368964e-07
  
  
  		Solution time: 0.025015 (sec.)
  		total iterations: 22
  
************************************************************************
-- Status Test Results --
**...........OR Combination -> 
  **...........AND Combination -> 
    Converged....F-Norm = 6.526e-10 < 1.000e-08
                 (Unscaled Two-Norm, Absolute Tolerance)
    **...........WRMS-Norm = 5.260e+05 < 1
                 (Min Step Size:  1.000e+00 >= 0)
  **...........Number of Iterations = 8 < 30
  **...........Finite Number Check (Two-Norm F) = Finite
************************************************************************

************************************************************************
-- Nonlinear Solver Step 8 -- 
||F|| = 6.526e-10  step = 1.000e+00  dx = 3.440e+00
************************************************************************

       CALCULATING FORCING TERM
       Method: Constant
       Forcing Term: 1e-06
  
  		*******************************************************
  		***** Problem: Thyra::TpetraLinearOp<double, int, long long, Kokkos::Compat::KokkosDeviceWrapperNode<Kokkos::Serial, Kokkos::HostSpace> >{rangeDim=9185,domainDim=9185}
  		***** Preconditioned GMRES solution
  		***** User-defined preconditioner
  		***** No scaling
  		*******************************************************
  
                  iter:    0           residual = 1.000000e+00
                  iter:   20           residual = 7.451479e-06
                  iter:   22           residual = 9.521918e-07
  
  
  		Solution time: 0.025055 (sec.)
  		total iterations: 22
  
************************************************************************
-- Status Test Results --
**...........OR Combination -> 
  **...........AND Combination -> 
    Converged....F-Norm = 2.290e-14 < 1.000e-08
                 (Unscaled Two-Norm, Absolute Tolerance)
    **...........WRMS-Norm = 4.483e+00 < 1
                 (Min Step Size:  1.000e+00 >= 0)
  **...........Number of Iterations = 9 < 30
  **...........Finite Number Check (Two-Norm F) = Finite
************************************************************************

************************************************************************
-- Nonlinear Solver Step 9 -- 
||F|| = 2.290e-14  step = 1.000e+00  dx = 1.194e-04
************************************************************************

       CALCULATING FORCING TERM
       Method: Constant
       Forcing Term: 1e-06
  
  		*******************************************************
  		***** Problem: Thyra::TpetraLinearOp<double, int, long long, Kokkos::Compat::KokkosDeviceWrapperNode<Kokkos::Serial, Kokkos::HostSpace> >{rangeDim=9185,domainDim=9185}
  		***** Preconditioned GMRES solution
  		***** User-defined preconditioner
  		***** No scaling
  		*******************************************************
  
                  iter:    0           residual = 1.000000e+00
                  iter:   16           residual = 5.296216e-07
  
  
  		Solution time: 0.017493 (sec.)
  		total iterations: 16
  

************************************************************************
-- Nonlinear Solver Step 10 -- 
||F|| = 2.178e-14  step = 1.000e+00  dx = 2.749e-10 (Converged!)
************************************************************************

************************************************************************
-- Final Status Test Results --
Converged....OR Combination -> 
  Converged....AND Combination -> 
    Converged....F-Norm = 2.178e-14 < 1.000e-08
                 (Unscaled Two-Norm, Absolute Tolerance)
    Converged....WRMS-Norm = 2.433e-06 < 1
                 (Min Step Size:  1.000e+00 >= 0)
  ??...........Number of Iterations = -1 < 30
  ??...........Finite Number Check (Two-Norm F) = Unknown
************************************************************************

IOSS WARNING: There are variables names whose name length (33) exceeds the current maximum name length (32)
         set for this database (qdot_v2_10.nlp.exo).
         You should either reduce the length of the variable name, or set the 'MAXIMUM_NAME_LENGTH' property
         to at least 33.
         Contact gdsjaar@sandia.gov for more information.

Warning: The global variable name 'substrate_substrateregion_Current' is too long.
	It will be truncated from 33 to 32 characters. [Called from ex_put_reduction_variable_names]
Responses after nonlinear solve:
    source_channel_Current = 0.00000000e+00 
    drain_channel_Current = 0.00000000e+00 
    substrate_substrateregion_Current = 0.00000000e+00 
    drain_Voltage = 0.00000000e+00 
    gate_1_Voltage = 0.00000000e+00 
    gate_2_Voltage = 0.00000000e+00 
    source_Voltage = 0.00000000e+00 
    substrate_Voltage = 0.00000000e+00 
Charon run completed.
